[2018-03-04 04:11:00] local.ERROR: could not find driver {"exception":"[object] (PDOException(code: 0): could not find driver at C:\\Users\\swb\\Documents\\Projects\\php\\laravel\\app2\\vendor\\laravel\\framework\\src\\Illuminate\\Database\\Connectors\\Connector.php:68)
[stacktrace]
#0 C:\\Users\\swb\\Documents\\Projects\\php\\laravel\\app2\\vendor\\laravel\\framework\\src\\Illuminate\\Database\\Connectors\\Connector.php(68): PDO->__construct('mysql:host=127....', 'root', '', Array)
#1 C:\\Users\\swb\\Documents\\Projects\\php\\laravel\\app2\\vendor\\laravel\\framework\\src\\Illuminate\\Database\\Connectors\\Connector.php(44): Illuminate\\Database\\Connectors\\Connector->createPdoConnection('mysql:host=127....', 'root', '', Array)
#2 C:\\Users\\swb\\Documents\\Projects\\php\\laravel\\app2\\vendor\\laravel\\framework\\src\\Illuminate\\Database\\Connectors\\MySqlConnector.php(24): Illuminate\\Database\\Connectors\\Connector->createConnection('mysql:host=127....', Array, Array)
#3 C:\\Users\\swb\\Documents\\Projects\\php\\laravel\\app2\\vendor\\laravel\\framework\\src\\Illuminate\\Database\\Connectors\\ConnectionFactory.php(183): Illuminate\\Database\\Connectors\\MySqlConnector->connect(Array)
#4 [internal function]: Illuminate\\Database\\Connectors\\ConnectionFactory->Illuminate\\Database\\Connectors\\{closure}()
#5 C:\\Users\\swb\\Documents\\Projects\\php\\laravel\\app2\\vendor\\laravel\\framework\\src\\Illuminate\\Database\\Connection.php(915): call_user_func(Object(Closure))
#6 C:\\Users\\swb\\Documents\\Projects\\php\\laravel\\app2\\vendor\\laravel\\framework\\src\\Illuminate\\Database\\Connection.php(940): Illuminate\\Database\\Connection->getPdo()
#7 C:\\Users\\swb\\Documents\\Projects\\php\\laravel\\app2\\vendor\\laravel\\framework\\src\\Illuminate\\Database\\Connection.php(399): Illuminate\\Database\\Connection->getReadPdo()
#8 C:\\Users\\swb\\Documents\\Projects\\php\\laravel\\app2\\vendor\\laravel\\framework\\src\\Illuminate\\Database\\Connection.php(325): Illuminate\\Database\\Connection->getPdoForSelect(true)
#9 C:\\Users\\swb\\Documents\\Projects\\php\\laravel\\app2\\vendor\\laravel\\framework\\src\\Illuminate\\Database\\Connection.php(657): Illuminate\\Database\\Connection->Illuminate\\Database\\{closure}('select * from i...', Array)
#10 C:\\Users\\swb\\Documents\\Projects\\php\\laravel\\app2\\vendor\\laravel\\framework\\src\\Illuminate\\Database\\Connection.php(624): Illuminate\\Database\\Connection->runQueryCallback('select * from i...', Array, Object(Closure))
#11 C:\\Users\\swb\\Documents\\Projects\\php\\laravel\\app2\\vendor\\laravel\\framework\\src\\Illuminate\\Database\\Connection.php(333): Illuminate\\Database\\Connection->run('select * from i...', Array, Object(Closure))
#12 C:\\Users\\swb\\Documents\\Projects\\php\\laravel\\app2\\vendor\\laravel\\framework\\src\\Illuminate\\Database\\Schema\\MySqlBuilder.php(18): Illuminate\\Database\\Connection->select('select * from i...', Array)
#13 C:\\Users\\swb\\Documents\\Projects\\php\\laravel\\app2\\vendor\\laravel\\framework\\src\\Illuminate\\Database\\Migrations\\DatabaseMigrationRepository.php(169): Illuminate\\Database\\Schema\\MySqlBuilder->hasTable('migrations')
#14 C:\\Users\\swb\\Documents\\Projects\\php\\laravel\\app2\\vendor\\laravel\\framework\\src\\Illuminate\\Database\\Migrations\\Migrator.php(545): Illuminate\\Database\\Migrations\\DatabaseMigrationRepository->repositoryExists()
#15 C:\\Users\\swb\\Documents\\Projects\\php\\laravel\\app2\\vendor\\laravel\\framework\\src\\Illuminate\\Database\\Console\\Migrations\\MigrateCommand.php(97): Illuminate\\Database\\Migrations\\Migrator->repositoryExists()
#16 C:\\Users\\swb\\Documents\\Projects\\php\\laravel\\app2\\vendor\\laravel\\framework\\src\\Illuminate\\Database\\Console\\Migrations\\MigrateCommand.php(63): Illuminate\\Database\\Console\\Migrations\\MigrateCommand->prepareDatabase()
#17 [internal function]: Illuminate\\Database\\Console\\Migrations\\MigrateCommand->handle()
#18 C:\\Users\\swb\\Documents\\Projects\\php\\laravel\\app2\\vendor\\laravel\\framework\\src\\Illuminate\\Container\\BoundMethod.php(29): call_user_func_array(Array, Array)
#19 C:\\Users\\swb\\Documents\\Projects\\php\\laravel\\app2\\vendor\\laravel\\framework\\src\\Illuminate\\Container\\BoundMethod.php(87): Illuminate\\Container\\BoundMethod::Illuminate\\Container\\{closure}()
#20 C:\\Users\\swb\\Documents\\Projects\\php\\laravel\\app2\\vendor\\laravel\\framework\\src\\Illuminate\\Container\\BoundMethod.php(31): Illuminate\\Container\\BoundMethod::callBoundMethod(Object(Illuminate\\Foundation\\Application), Array, Object(Closure))
#21 C:\\Users\\swb\\Documents\\Projects\\php\\laravel\\app2\\vendor\\laravel\\framework\\src\\Illuminate\\Container\\Container.php(564): Illuminate\\Container\\BoundMethod::call(Object(Illuminate\\Foundation\\Application), Array, Array, NULL)
#22 C:\\Users\\swb\\Documents\\Projects\\php\\laravel\\app2\\vendor\\laravel\\framework\\src\\Illuminate\\Console\\Command.php(183): Illuminate\\Container\\Container->call(Array)
#23 C:\\Users\\swb\\Documents\\Projects\\php\\laravel\\app2\\vendor\\symfony\\console\\Command\\Command.php(252): Illuminate\\Console\\Command->execute(Object(Symfony\\Component\\Console\\Input\\ArgvInput), Object(Illuminate\\Console\\OutputStyle))
#24 C:\\Users\\swb\\Documents\\Projects\\php\\laravel\\app2\\vendor\\laravel\\framework\\src\\Illuminate\\Console\\Command.php(170): Symfony\\Component\\Console\\Command\\Command->run(Object(Symfony\\Component\\Console\\Input\\ArgvInput), Object(Illuminate\\Console\\OutputStyle))
#25 C:\\Users\\swb\\Documents\\Projects\\php\\laravel\\app2\\vendor\\symfony\\console\\Application.php(865): Illuminate\\Console\\Command->run(Object(Symfony\\Component\\Console\\Input\\ArgvInput), Object(Symfony\\Component\\Console\\Output\\ConsoleOutput))
#26 C:\\Users\\swb\\Documents\\Projects\\php\\laravel\\app2\\vendor\\symfony\\console\\Application.php(241): Symfony\\Component\\Console\\Application->doRunCommand(Object(Illuminate\\Database\\Console\\Migrations\\MigrateCommand), Object(Symfony\\Component\\Console\\Input\\ArgvInput), Object(Symfony\\Component\\Console\\Output\\ConsoleOutput))
#27 C:\\Users\\swb\\Documents\\Projects\\php\\laravel\\app2\\vendor\\symfony\\console\\Application.php(143): Symfony\\Component\\Console\\Application->doRun(Object(Symfony\\Component\\Console\\Input\\ArgvInput), Object(Symfony\\Component\\Console\\Output\\ConsoleOutput))
#28 C:\\Users\\swb\\Documents\\Projects\\php\\laravel\\app2\\vendor\\laravel\\framework\\src\\Illuminate\\Console\\Application.php(88): Symfony\\Component\\Console\\Application->run(Object(Symfony\\Component\\Console\\Input\\ArgvInput), Object(Symfony\\Component\\Console\\Output\\ConsoleOutput))
#29 C:\\Users\\swb\\Documents\\Projects\\php\\laravel\\app2\\vendor\\laravel\\framework\\src\\Illuminate\\Foundation\\Console\\Kernel.php(121): Illuminate\\Console\\Application->run(Object(Symfony\\Component\\Console\\Input\\ArgvInput), Object(Symfony\\Component\\Console\\Output\\ConsoleOutput))
#30 C:\\Users\\swb\\Documents\\Projects\\php\\laravel\\app2\\artisan(37): Illuminate\\Foundation\\Console\\Kernel->handle(Object(Symfony\\Component\\Console\\Input\\ArgvInput), Object(Symfony\\Component\\Console\\Output\\ConsoleOutput))
#31 {main}
"} 
[2018-03-04 04:11:00] local.ERROR: could not find driver (SQL: select * from information_schema.tables where table_schema = larablog1 and table_name = migrations) {"exception":"[object] (Illuminate\\Database\\QueryException(code: 0): could not find driver (SQL: select * from information_schema.tables where table_schema = larablog1 and table_name = migrations) at C:\\Users\\swb\\Documents\\Projects\\php\\laravel\\app2\\vendor\\laravel\\framework\\src\\Illuminate\\Database\\Connection.php:664, PDOException(code: 0): could not find driver at C:\\Users\\swb\\Documents\\Projects\\php\\laravel\\app2\\vendor\\laravel\\framework\\src\\Illuminate\\Database\\Connectors\\Connector.php:68)
[stacktrace]
#0 C:\\Users\\swb\\Documents\\Projects\\php\\laravel\\app2\\vendor\\laravel\\framework\\src\\Illuminate\\Database\\Connection.php(624): Illuminate\\Database\\Connection->runQueryCallback('select * from i...', Array, Object(Closure))
#1 C:\\Users\\swb\\Documents\\Projects\\php\\laravel\\app2\\vendor\\laravel\\framework\\src\\Illuminate\\Database\\Connection.php(333): Illuminate\\Database\\Connection->run('select * from i...', Array, Object(Closure))
#2 C:\\Users\\swb\\Documents\\Projects\\php\\laravel\\app2\\vendor\\laravel\\framework\\src\\Illuminate\\Database\\Schema\\MySqlBuilder.php(18): Illuminate\\Database\\Connection->select('select * from i...', Array)
#3 C:\\Users\\swb\\Documents\\Projects\\php\\laravel\\app2\\vendor\\laravel\\framework\\src\\Illuminate\\Database\\Migrations\\DatabaseMigrationRepository.php(169): Illuminate\\Database\\Schema\\MySqlBuilder->hasTable('migrations')
#4 C:\\Users\\swb\\Documents\\Projects\\php\\laravel\\app2\\vendor\\laravel\\framework\\src\\Illuminate\\Database\\Migrations\\Migrator.php(545): Illuminate\\Database\\Migrations\\DatabaseMigrationRepository->repositoryExists()
#5 C:\\Users\\swb\\Documents\\Projects\\php\\laravel\\app2\\vendor\\laravel\\framework\\src\\Illuminate\\Database\\Console\\Migrations\\MigrateCommand.php(97): Illuminate\\Database\\Migrations\\Migrator->repositoryExists()
#6 C:\\Users\\swb\\Documents\\Projects\\php\\laravel\\app2\\vendor\\laravel\\framework\\src\\Illuminate\\Database\\Console\\Migrations\\MigrateCommand.php(63): Illuminate\\Database\\Console\\Migrations\\MigrateCommand->prepareDatabase()
#7 [internal function]: Illuminate\\Database\\Console\\Migrations\\MigrateCommand->handle()
#8 C:\\Users\\swb\\Documents\\Projects\\php\\laravel\\app2\\vendor\\laravel\\framework\\src\\Illuminate\\Container\\BoundMethod.php(29): call_user_func_array(Array, Array)
#9 C:\\Users\\swb\\Documents\\Projects\\php\\laravel\\app2\\vendor\\laravel\\framework\\src\\Illuminate\\Container\\BoundMethod.php(87): Illuminate\\Container\\BoundMethod::Illuminate\\Container\\{closure}()
#10 C:\\Users\\swb\\Documents\\Projects\\php\\laravel\\app2\\vendor\\laravel\\framework\\src\\Illuminate\\Container\\BoundMethod.php(31): Illuminate\\Container\\BoundMethod::callBoundMethod(Object(Illuminate\\Foundation\\Application), Array, Object(Closure))
#11 C:\\Users\\swb\\Documents\\Projects\\php\\laravel\\app2\\vendor\\laravel\\framework\\src\\Illuminate\\Container\\Container.php(564): Illuminate\\Container\\BoundMethod::call(Object(Illuminate\\Foundation\\Application), Array, Array, NULL)
#12 C:\\Users\\swb\\Documents\\Projects\\php\\laravel\\app2\\vendor\\laravel\\framework\\src\\Illuminate\\Console\\Command.php(183): Illuminate\\Container\\Container->call(Array)
#13 C:\\Users\\swb\\Documents\\Projects\\php\\laravel\\app2\\vendor\\symfony\\console\\Command\\Command.php(252): Illuminate\\Console\\Command->execute(Object(Symfony\\Component\\Console\\Input\\ArgvInput), Object(Illuminate\\Console\\OutputStyle))
#14 C:\\Users\\swb\\Documents\\Projects\\php\\laravel\\app2\\vendor\\laravel\\framework\\src\\Illuminate\\Console\\Command.php(170): Symfony\\Component\\Console\\Command\\Command->run(Object(Symfony\\Component\\Console\\Input\\ArgvInput), Object(Illuminate\\Console\\OutputStyle))
#15 C:\\Users\\swb\\Documents\\Projects\\php\\laravel\\app2\\vendor\\symfony\\console\\Application.php(865): Illuminate\\Console\\Command->run(Object(Symfony\\Component\\Console\\Input\\ArgvInput), Object(Symfony\\Component\\Console\\Output\\ConsoleOutput))
#16 C:\\Users\\swb\\Documents\\Projects\\php\\laravel\\app2\\vendor\\symfony\\console\\Application.php(241): Symfony\\Component\\Console\\Application->doRunCommand(Object(Illuminate\\Database\\Console\\Migrations\\MigrateCommand), Object(Symfony\\Component\\Console\\Input\\ArgvInput), Object(Symfony\\Component\\Console\\Output\\ConsoleOutput))
#17 C:\\Users\\swb\\Documents\\Projects\\php\\laravel\\app2\\vendor\\symfony\\console\\Application.php(143): Symfony\\Component\\Console\\Application->doRun(Object(Symfony\\Component\\Console\\Input\\ArgvInput), Object(Symfony\\Component\\Console\\Output\\ConsoleOutput))
#18 C:\\Users\\swb\\Documents\\Projects\\php\\laravel\\app2\\vendor\\laravel\\framework\\src\\Illuminate\\Console\\Application.php(88): Symfony\\Component\\Console\\Application->run(Object(Symfony\\Component\\Console\\Input\\ArgvInput), Object(Symfony\\Component\\Console\\Output\\ConsoleOutput))
#19 C:\\Users\\swb\\Documents\\Projects\\php\\laravel\\app2\\vendor\\laravel\\framework\\src\\Illuminate\\Foundation\\Console\\Kernel.php(121): Illuminate\\Console\\Application->run(Object(Symfony\\Component\\Console\\Input\\ArgvInput), Object(Symfony\\Component\\Console\\Output\\ConsoleOutput))
#20 C:\\Users\\swb\\Documents\\Projects\\php\\laravel\\app2\\artisan(37): Illuminate\\Foundation\\Console\\Kernel->handle(Object(Symfony\\Component\\Console\\Input\\ArgvInput), Object(Symfony\\Component\\Console\\Output\\ConsoleOutput))
#21 {main}
"} 
[2018-03-04 04:11:48] local.ERROR: could not find driver {"exception":"[object] (PDOException(code: 0): could not find driver at C:\\Users\\swb\\Documents\\Projects\\php\\laravel\\app2\\vendor\\laravel\\framework\\src\\Illuminate\\Database\\Connectors\\Connector.php:68)
[stacktrace]
#0 C:\\Users\\swb\\Documents\\Projects\\php\\laravel\\app2\\vendor\\laravel\\framework\\src\\Illuminate\\Database\\Connectors\\Connector.php(68): PDO->__construct('mysql:host=127....', 'root', '', Array)
#1 C:\\Users\\swb\\Documents\\Projects\\php\\laravel\\app2\\vendor\\laravel\\framework\\src\\Illuminate\\Database\\Connectors\\Connector.php(44): Illuminate\\Database\\Connectors\\Connector->createPdoConnection('mysql:host=127....', 'root', '', Array)
#2 C:\\Users\\swb\\Documents\\Projects\\php\\laravel\\app2\\vendor\\laravel\\framework\\src\\Illuminate\\Database\\Connectors\\MySqlConnector.php(24): Illuminate\\Database\\Connectors\\Connector->createConnection('mysql:host=127....', Array, Array)
#3 C:\\Users\\swb\\Documents\\Projects\\php\\laravel\\app2\\vendor\\laravel\\framework\\src\\Illuminate\\Database\\Connectors\\ConnectionFactory.php(183): Illuminate\\Database\\Connectors\\MySqlConnector->connect(Array)
#4 [internal function]: Illuminate\\Database\\Connectors\\ConnectionFactory->Illuminate\\Database\\Connectors\\{closure}()
#5 C:\\Users\\swb\\Documents\\Projects\\php\\laravel\\app2\\vendor\\laravel\\framework\\src\\Illuminate\\Database\\Connection.php(915): call_user_func(Object(Closure))
#6 C:\\Users\\swb\\Documents\\Projects\\php\\laravel\\app2\\vendor\\laravel\\framework\\src\\Illuminate\\Database\\Connection.php(940): Illuminate\\Database\\Connection->getPdo()
#7 C:\\Users\\swb\\Documents\\Projects\\php\\laravel\\app2\\vendor\\laravel\\framework\\src\\Illuminate\\Database\\Connection.php(399): Illuminate\\Database\\Connection->getReadPdo()
#8 C:\\Users\\swb\\Documents\\Projects\\php\\laravel\\app2\\vendor\\laravel\\framework\\src\\Illuminate\\Database\\Connection.php(325): Illuminate\\Database\\Connection->getPdoForSelect(true)
#9 C:\\Users\\swb\\Documents\\Projects\\php\\laravel\\app2\\vendor\\laravel\\framework\\src\\Illuminate\\Database\\Connection.php(657): Illuminate\\Database\\Connection->Illuminate\\Database\\{closure}('select * from i...', Array)
#10 C:\\Users\\swb\\Documents\\Projects\\php\\laravel\\app2\\vendor\\laravel\\framework\\src\\Illuminate\\Database\\Connection.php(624): Illuminate\\Database\\Connection->runQueryCallback('select * from i...', Array, Object(Closure))
#11 C:\\Users\\swb\\Documents\\Projects\\php\\laravel\\app2\\vendor\\laravel\\framework\\src\\Illuminate\\Database\\Connection.php(333): Illuminate\\Database\\Connection->run('select * from i...', Array, Object(Closure))
#12 C:\\Users\\swb\\Documents\\Projects\\php\\laravel\\app2\\vendor\\laravel\\framework\\src\\Illuminate\\Database\\Schema\\MySqlBuilder.php(18): Illuminate\\Database\\Connection->select('select * from i...', Array)
#13 C:\\Users\\swb\\Documents\\Projects\\php\\laravel\\app2\\vendor\\laravel\\framework\\src\\Illuminate\\Database\\Migrations\\DatabaseMigrationRepository.php(169): Illuminate\\Database\\Schema\\MySqlBuilder->hasTable('migrations')
#14 C:\\Users\\swb\\Documents\\Projects\\php\\laravel\\app2\\vendor\\laravel\\framework\\src\\Illuminate\\Database\\Migrations\\Migrator.php(545): Illuminate\\Database\\Migrations\\DatabaseMigrationRepository->repositoryExists()
#15 C:\\Users\\swb\\Documents\\Projects\\php\\laravel\\app2\\vendor\\laravel\\framework\\src\\Illuminate\\Database\\Console\\Migrations\\MigrateCommand.php(97): Illuminate\\Database\\Migrations\\Migrator->repositoryExists()
#16 C:\\Users\\swb\\Documents\\Projects\\php\\laravel\\app2\\vendor\\laravel\\framework\\src\\Illuminate\\Database\\Console\\Migrations\\MigrateCommand.php(63): Illuminate\\Database\\Console\\Migrations\\MigrateCommand->prepareDatabase()
#17 [internal function]: Illuminate\\Database\\Console\\Migrations\\MigrateCommand->handle()
#18 C:\\Users\\swb\\Documents\\Projects\\php\\laravel\\app2\\vendor\\laravel\\framework\\src\\Illuminate\\Container\\BoundMethod.php(29): call_user_func_array(Array, Array)
#19 C:\\Users\\swb\\Documents\\Projects\\php\\laravel\\app2\\vendor\\laravel\\framework\\src\\Illuminate\\Container\\BoundMethod.php(87): Illuminate\\Container\\BoundMethod::Illuminate\\Container\\{closure}()
#20 C:\\Users\\swb\\Documents\\Projects\\php\\laravel\\app2\\vendor\\laravel\\framework\\src\\Illuminate\\Container\\BoundMethod.php(31): Illuminate\\Container\\BoundMethod::callBoundMethod(Object(Illuminate\\Foundation\\Application), Array, Object(Closure))
#21 C:\\Users\\swb\\Documents\\Projects\\php\\laravel\\app2\\vendor\\laravel\\framework\\src\\Illuminate\\Container\\Container.php(564): Illuminate\\Container\\BoundMethod::call(Object(Illuminate\\Foundation\\Application), Array, Array, NULL)
#22 C:\\Users\\swb\\Documents\\Projects\\php\\laravel\\app2\\vendor\\laravel\\framework\\src\\Illuminate\\Console\\Command.php(183): Illuminate\\Container\\Container->call(Array)
#23 C:\\Users\\swb\\Documents\\Projects\\php\\laravel\\app2\\vendor\\symfony\\console\\Command\\Command.php(252): Illuminate\\Console\\Command->execute(Object(Symfony\\Component\\Console\\Input\\ArgvInput), Object(Illuminate\\Console\\OutputStyle))
#24 C:\\Users\\swb\\Documents\\Projects\\php\\laravel\\app2\\vendor\\laravel\\framework\\src\\Illuminate\\Console\\Command.php(170): Symfony\\Component\\Console\\Command\\Command->run(Object(Symfony\\Component\\Console\\Input\\ArgvInput), Object(Illuminate\\Console\\OutputStyle))
#25 C:\\Users\\swb\\Documents\\Projects\\php\\laravel\\app2\\vendor\\symfony\\console\\Application.php(865): Illuminate\\Console\\Command->run(Object(Symfony\\Component\\Console\\Input\\ArgvInput), Object(Symfony\\Component\\Console\\Output\\ConsoleOutput))
#26 C:\\Users\\swb\\Documents\\Projects\\php\\laravel\\app2\\vendor\\symfony\\console\\Application.php(241): Symfony\\Component\\Console\\Application->doRunCommand(Object(Illuminate\\Database\\Console\\Migrations\\MigrateCommand), Object(Symfony\\Component\\Console\\Input\\ArgvInput), Object(Symfony\\Component\\Console\\Output\\ConsoleOutput))
#27 C:\\Users\\swb\\Documents\\Projects\\php\\laravel\\app2\\vendor\\symfony\\console\\Application.php(143): Symfony\\Component\\Console\\Application->doRun(Object(Symfony\\Component\\Console\\Input\\ArgvInput), Object(Symfony\\Component\\Console\\Output\\ConsoleOutput))
#28 C:\\Users\\swb\\Documents\\Projects\\php\\laravel\\app2\\vendor\\laravel\\framework\\src\\Illuminate\\Console\\Application.php(88): Symfony\\Component\\Console\\Application->run(Object(Symfony\\Component\\Console\\Input\\ArgvInput), Object(Symfony\\Component\\Console\\Output\\ConsoleOutput))
#29 C:\\Users\\swb\\Documents\\Projects\\php\\laravel\\app2\\vendor\\laravel\\framework\\src\\Illuminate\\Foundation\\Console\\Kernel.php(121): Illuminate\\Console\\Application->run(Object(Symfony\\Component\\Console\\Input\\ArgvInput), Object(Symfony\\Component\\Console\\Output\\ConsoleOutput))
#30 C:\\Users\\swb\\Documents\\Projects\\php\\laravel\\app2\\artisan(37): Illuminate\\Foundation\\Console\\Kernel->handle(Object(Symfony\\Component\\Console\\Input\\ArgvInput), Object(Symfony\\Component\\Console\\Output\\ConsoleOutput))
#31 {main}
"} 
[2018-03-04 04:11:48] local.ERROR: could not find driver (SQL: select * from information_schema.tables where table_schema = larablog1 and table_name = migrations) {"exception":"[object] (Illuminate\\Database\\QueryException(code: 0): could not find driver (SQL: select * from information_schema.tables where table_schema = larablog1 and table_name = migrations) at C:\\Users\\swb\\Documents\\Projects\\php\\laravel\\app2\\vendor\\laravel\\framework\\src\\Illuminate\\Database\\Connection.php:664, PDOException(code: 0): could not find driver at C:\\Users\\swb\\Documents\\Projects\\php\\laravel\\app2\\vendor\\laravel\\framework\\src\\Illuminate\\Database\\Connectors\\Connector.php:68)
[stacktrace]
#0 C:\\Users\\swb\\Documents\\Projects\\php\\laravel\\app2\\vendor\\laravel\\framework\\src\\Illuminate\\Database\\Connection.php(624): Illuminate\\Database\\Connection->runQueryCallback('select * from i...', Array, Object(Closure))
#1 C:\\Users\\swb\\Documents\\Projects\\php\\laravel\\app2\\vendor\\laravel\\framework\\src\\Illuminate\\Database\\Connection.php(333): Illuminate\\Database\\Connection->run('select * from i...', Array, Object(Closure))
#2 C:\\Users\\swb\\Documents\\Projects\\php\\laravel\\app2\\vendor\\laravel\\framework\\src\\Illuminate\\Database\\Schema\\MySqlBuilder.php(18): Illuminate\\Database\\Connection->select('select * from i...', Array)
#3 C:\\Users\\swb\\Documents\\Projects\\php\\laravel\\app2\\vendor\\laravel\\framework\\src\\Illuminate\\Database\\Migrations\\DatabaseMigrationRepository.php(169): Illuminate\\Database\\Schema\\MySqlBuilder->hasTable('migrations')
#4 C:\\Users\\swb\\Documents\\Projects\\php\\laravel\\app2\\vendor\\laravel\\framework\\src\\Illuminate\\Database\\Migrations\\Migrator.php(545): Illuminate\\Database\\Migrations\\DatabaseMigrationRepository->repositoryExists()
#5 C:\\Users\\swb\\Documents\\Projects\\php\\laravel\\app2\\vendor\\laravel\\framework\\src\\Illuminate\\Database\\Console\\Migrations\\MigrateCommand.php(97): Illuminate\\Database\\Migrations\\Migrator->repositoryExists()
#6 C:\\Users\\swb\\Documents\\Projects\\php\\laravel\\app2\\vendor\\laravel\\framework\\src\\Illuminate\\Database\\Console\\Migrations\\MigrateCommand.php(63): Illuminate\\Database\\Console\\Migrations\\MigrateCommand->prepareDatabase()
#7 [internal function]: Illuminate\\Database\\Console\\Migrations\\MigrateCommand->handle()
#8 C:\\Users\\swb\\Documents\\Projects\\php\\laravel\\app2\\vendor\\laravel\\framework\\src\\Illuminate\\Container\\BoundMethod.php(29): call_user_func_array(Array, Array)
#9 C:\\Users\\swb\\Documents\\Projects\\php\\laravel\\app2\\vendor\\laravel\\framework\\src\\Illuminate\\Container\\BoundMethod.php(87): Illuminate\\Container\\BoundMethod::Illuminate\\Container\\{closure}()
#10 C:\\Users\\swb\\Documents\\Projects\\php\\laravel\\app2\\vendor\\laravel\\framework\\src\\Illuminate\\Container\\BoundMethod.php(31): Illuminate\\Container\\BoundMethod::callBoundMethod(Object(Illuminate\\Foundation\\Application), Array, Object(Closure))
#11 C:\\Users\\swb\\Documents\\Projects\\php\\laravel\\app2\\vendor\\laravel\\framework\\src\\Illuminate\\Container\\Container.php(564): Illuminate\\Container\\BoundMethod::call(Object(Illuminate\\Foundation\\Application), Array, Array, NULL)
#12 C:\\Users\\swb\\Documents\\Projects\\php\\laravel\\app2\\vendor\\laravel\\framework\\src\\Illuminate\\Console\\Command.php(183): Illuminate\\Container\\Container->call(Array)
#13 C:\\Users\\swb\\Documents\\Projects\\php\\laravel\\app2\\vendor\\symfony\\console\\Command\\Command.php(252): Illuminate\\Console\\Command->execute(Object(Symfony\\Component\\Console\\Input\\ArgvInput), Object(Illuminate\\Console\\OutputStyle))
#14 C:\\Users\\swb\\Documents\\Projects\\php\\laravel\\app2\\vendor\\laravel\\framework\\src\\Illuminate\\Console\\Command.php(170): Symfony\\Component\\Console\\Command\\Command->run(Object(Symfony\\Component\\Console\\Input\\ArgvInput), Object(Illuminate\\Console\\OutputStyle))
#15 C:\\Users\\swb\\Documents\\Projects\\php\\laravel\\app2\\vendor\\symfony\\console\\Application.php(865): Illuminate\\Console\\Command->run(Object(Symfony\\Component\\Console\\Input\\ArgvInput), Object(Symfony\\Component\\Console\\Output\\ConsoleOutput))
#16 C:\\Users\\swb\\Documents\\Projects\\php\\laravel\\app2\\vendor\\symfony\\console\\Application.php(241): Symfony\\Component\\Console\\Application->doRunCommand(Object(Illuminate\\Database\\Console\\Migrations\\MigrateCommand), Object(Symfony\\Component\\Console\\Input\\ArgvInput), Object(Symfony\\Component\\Console\\Output\\ConsoleOutput))
#17 C:\\Users\\swb\\Documents\\Projects\\php\\laravel\\app2\\vendor\\symfony\\console\\Application.php(143): Symfony\\Component\\Console\\Application->doRun(Object(Symfony\\Component\\Console\\Input\\ArgvInput), Object(Symfony\\Component\\Console\\Output\\ConsoleOutput))
#18 C:\\Users\\swb\\Documents\\Projects\\php\\laravel\\app2\\vendor\\laravel\\framework\\src\\Illuminate\\Console\\Application.php(88): Symfony\\Component\\Console\\Application->run(Object(Symfony\\Component\\Console\\Input\\ArgvInput), Object(Symfony\\Component\\Console\\Output\\ConsoleOutput))
#19 C:\\Users\\swb\\Documents\\Projects\\php\\laravel\\app2\\vendor\\laravel\\framework\\src\\Illuminate\\Foundation\\Console\\Kernel.php(121): Illuminate\\Console\\Application->run(Object(Symfony\\Component\\Console\\Input\\ArgvInput), Object(Symfony\\Component\\Console\\Output\\ConsoleOutput))
#20 C:\\Users\\swb\\Documents\\Projects\\php\\laravel\\app2\\artisan(37): Illuminate\\Foundation\\Console\\Kernel->handle(Object(Symfony\\Component\\Console\\Input\\ArgvInput), Object(Symfony\\Component\\Console\\Output\\ConsoleOutput))
#21 {main}
"} 
[2018-03-04 04:14:26] local.ERROR: SQLSTATE[42000]: Syntax error or access violation: 1071 Specified key was too long; max key length is 767 bytes (SQL: alter table `users` add unique `users_email_unique`(`email`)) {"exception":"[object] (Illuminate\\Database\\QueryException(code: 42000): SQLSTATE[42000]: Syntax error or access violation: 1071 Specified key was too long; max key length is 767 bytes (SQL: alter table `users` add unique `users_email_unique`(`email`)) at C:\\Users\\swb\\Documents\\Projects\\php\\laravel\\app2\\vendor\\laravel\\framework\\src\\Illuminate\\Database\\Connection.php:664, PDOException(code: 42000): SQLSTATE[42000]: Syntax error or access violation: 1071 Specified key was too long; max key length is 767 bytes at C:\\Users\\swb\\Documents\\Projects\\php\\laravel\\app2\\vendor\\laravel\\framework\\src\\Illuminate\\Database\\Connection.php:458)
[stacktrace]
#0 C:\\Users\\swb\\Documents\\Projects\\php\\laravel\\app2\\vendor\\laravel\\framework\\src\\Illuminate\\Database\\Connection.php(624): Illuminate\\Database\\Connection->runQueryCallback('alter table `us...', Array, Object(Closure))
#1 C:\\Users\\swb\\Documents\\Projects\\php\\laravel\\app2\\vendor\\laravel\\framework\\src\\Illuminate\\Database\\Connection.php(459): Illuminate\\Database\\Connection->run('alter table `us...', Array, Object(Closure))
#2 C:\\Users\\swb\\Documents\\Projects\\php\\laravel\\app2\\vendor\\laravel\\framework\\src\\Illuminate\\Database\\Schema\\Blueprint.php(88): Illuminate\\Database\\Connection->statement('alter table `us...')
#3 C:\\Users\\swb\\Documents\\Projects\\php\\laravel\\app2\\vendor\\laravel\\framework\\src\\Illuminate\\Database\\Schema\\Builder.php(252): Illuminate\\Database\\Schema\\Blueprint->build(Object(Illuminate\\Database\\MySqlConnection), Object(Illuminate\\Database\\Schema\\Grammars\\MySqlGrammar))
#4 C:\\Users\\swb\\Documents\\Projects\\php\\laravel\\app2\\vendor\\laravel\\framework\\src\\Illuminate\\Database\\Schema\\Builder.php(165): Illuminate\\Database\\Schema\\Builder->build(Object(Illuminate\\Database\\Schema\\Blueprint))
#5 C:\\Users\\swb\\Documents\\Projects\\php\\laravel\\app2\\vendor\\laravel\\framework\\src\\Illuminate\\Support\\Facades\\Facade.php(221): Illuminate\\Database\\Schema\\Builder->create('users', Object(Closure))
#6 C:\\Users\\swb\\Documents\\Projects\\php\\laravel\\app2\\database\\migrations\\2014_10_12_000000_create_users_table.php(23): Illuminate\\Support\\Facades\\Facade::__callStatic('create', Array)
#7 C:\\Users\\swb\\Documents\\Projects\\php\\laravel\\app2\\vendor\\laravel\\framework\\src\\Illuminate\\Database\\Migrations\\Migrator.php(359): CreateUsersTable->up()
#8 C:\\Users\\swb\\Documents\\Projects\\php\\laravel\\app2\\vendor\\laravel\\framework\\src\\Illuminate\\Database\\Migrations\\Migrator.php(366): Illuminate\\Database\\Migrations\\Migrator->Illuminate\\Database\\Migrations\\{closure}()
#9 C:\\Users\\swb\\Documents\\Projects\\php\\laravel\\app2\\vendor\\laravel\\framework\\src\\Illuminate\\Database\\Migrations\\Migrator.php(177): Illuminate\\Database\\Migrations\\Migrator->runMigration(Object(CreateUsersTable), 'up')
#10 C:\\Users\\swb\\Documents\\Projects\\php\\laravel\\app2\\vendor\\laravel\\framework\\src\\Illuminate\\Database\\Migrations\\Migrator.php(146): Illuminate\\Database\\Migrations\\Migrator->runUp('C:\\\\Users\\\\swb\\\\Do...', 1, false)
#11 C:\\Users\\swb\\Documents\\Projects\\php\\laravel\\app2\\vendor\\laravel\\framework\\src\\Illuminate\\Database\\Migrations\\Migrator.php(95): Illuminate\\Database\\Migrations\\Migrator->runPending(Array, Array)
#12 C:\\Users\\swb\\Documents\\Projects\\php\\laravel\\app2\\vendor\\laravel\\framework\\src\\Illuminate\\Database\\Console\\Migrations\\MigrateCommand.php(70): Illuminate\\Database\\Migrations\\Migrator->run(Array, Array)
#13 [internal function]: Illuminate\\Database\\Console\\Migrations\\MigrateCommand->handle()
#14 C:\\Users\\swb\\Documents\\Projects\\php\\laravel\\app2\\vendor\\laravel\\framework\\src\\Illuminate\\Container\\BoundMethod.php(29): call_user_func_array(Array, Array)
#15 C:\\Users\\swb\\Documents\\Projects\\php\\laravel\\app2\\vendor\\laravel\\framework\\src\\Illuminate\\Container\\BoundMethod.php(87): Illuminate\\Container\\BoundMethod::Illuminate\\Container\\{closure}()
#16 C:\\Users\\swb\\Documents\\Projects\\php\\laravel\\app2\\vendor\\laravel\\framework\\src\\Illuminate\\Container\\BoundMethod.php(31): Illuminate\\Container\\BoundMethod::callBoundMethod(Object(Illuminate\\Foundation\\Application), Array, Object(Closure))
#17 C:\\Users\\swb\\Documents\\Projects\\php\\laravel\\app2\\vendor\\laravel\\framework\\src\\Illuminate\\Container\\Container.php(564): Illuminate\\Container\\BoundMethod::call(Object(Illuminate\\Foundation\\Application), Array, Array, NULL)
#18 C:\\Users\\swb\\Documents\\Projects\\php\\laravel\\app2\\vendor\\laravel\\framework\\src\\Illuminate\\Console\\Command.php(183): Illuminate\\Container\\Container->call(Array)
#19 C:\\Users\\swb\\Documents\\Projects\\php\\laravel\\app2\\vendor\\symfony\\console\\Command\\Command.php(252): Illuminate\\Console\\Command->execute(Object(Symfony\\Component\\Console\\Input\\ArgvInput), Object(Illuminate\\Console\\OutputStyle))
#20 C:\\Users\\swb\\Documents\\Projects\\php\\laravel\\app2\\vendor\\laravel\\framework\\src\\Illuminate\\Console\\Command.php(170): Symfony\\Component\\Console\\Command\\Command->run(Object(Symfony\\Component\\Console\\Input\\ArgvInput), Object(Illuminate\\Console\\OutputStyle))
#21 C:\\Users\\swb\\Documents\\Projects\\php\\laravel\\app2\\vendor\\symfony\\console\\Application.php(865): Illuminate\\Console\\Command->run(Object(Symfony\\Component\\Console\\Input\\ArgvInput), Object(Symfony\\Component\\Console\\Output\\ConsoleOutput))
#22 C:\\Users\\swb\\Documents\\Projects\\php\\laravel\\app2\\vendor\\symfony\\console\\Application.php(241): Symfony\\Component\\Console\\Application->doRunCommand(Object(Illuminate\\Database\\Console\\Migrations\\MigrateCommand), Object(Symfony\\Component\\Console\\Input\\ArgvInput), Object(Symfony\\Component\\Console\\Output\\ConsoleOutput))
#23 C:\\Users\\swb\\Documents\\Projects\\php\\laravel\\app2\\vendor\\symfony\\console\\Application.php(143): Symfony\\Component\\Console\\Application->doRun(Object(Symfony\\Component\\Console\\Input\\ArgvInput), Object(Symfony\\Component\\Console\\Output\\ConsoleOutput))
#24 C:\\Users\\swb\\Documents\\Projects\\php\\laravel\\app2\\vendor\\laravel\\framework\\src\\Illuminate\\Console\\Application.php(88): Symfony\\Component\\Console\\Application->run(Object(Symfony\\Component\\Console\\Input\\ArgvInput), Object(Symfony\\Component\\Console\\Output\\ConsoleOutput))
#25 C:\\Users\\swb\\Documents\\Projects\\php\\laravel\\app2\\vendor\\laravel\\framework\\src\\Illuminate\\Foundation\\Console\\Kernel.php(121): Illuminate\\Console\\Application->run(Object(Symfony\\Component\\Console\\Input\\ArgvInput), Object(Symfony\\Component\\Console\\Output\\ConsoleOutput))
#26 C:\\Users\\swb\\Documents\\Projects\\php\\laravel\\app2\\artisan(37): Illuminate\\Foundation\\Console\\Kernel->handle(Object(Symfony\\Component\\Console\\Input\\ArgvInput), Object(Symfony\\Component\\Console\\Output\\ConsoleOutput))
#27 {main}
"} 
[2018-03-04 04:19:44] local.ERROR: SQLSTATE[42S01]: Base table or view already exists: 1050 Table 'users' already exists (SQL: create table `users` (`id` int unsigned not null auto_increment primary key, `name` varchar(255) not null, `email` varchar(255) not null, `password` varchar(255) not null, `remember_token` varchar(100) null, `created_at` timestamp null, `updated_at` timestamp null) default character set utf8mb4 collate utf8mb4_unicode_ci) {"exception":"[object] (Illuminate\\Database\\QueryException(code: 42S01): SQLSTATE[42S01]: Base table or view already exists: 1050 Table 'users' already exists (SQL: create table `users` (`id` int unsigned not null auto_increment primary key, `name` varchar(255) not null, `email` varchar(255) not null, `password` varchar(255) not null, `remember_token` varchar(100) null, `created_at` timestamp null, `updated_at` timestamp null) default character set utf8mb4 collate utf8mb4_unicode_ci) at C:\\Users\\swb\\Documents\\Projects\\php\\laravel\\app2\\vendor\\laravel\\framework\\src\\Illuminate\\Database\\Connection.php:664, PDOException(code: 42S01): SQLSTATE[42S01]: Base table or view already exists: 1050 Table 'users' already exists at C:\\Users\\swb\\Documents\\Projects\\php\\laravel\\app2\\vendor\\laravel\\framework\\src\\Illuminate\\Database\\Connection.php:458)
[stacktrace]
#0 C:\\Users\\swb\\Documents\\Projects\\php\\laravel\\app2\\vendor\\laravel\\framework\\src\\Illuminate\\Database\\Connection.php(624): Illuminate\\Database\\Connection->runQueryCallback('create table `u...', Array, Object(Closure))
#1 C:\\Users\\swb\\Documents\\Projects\\php\\laravel\\app2\\vendor\\laravel\\framework\\src\\Illuminate\\Database\\Connection.php(459): Illuminate\\Database\\Connection->run('create table `u...', Array, Object(Closure))
#2 C:\\Users\\swb\\Documents\\Projects\\php\\laravel\\app2\\vendor\\laravel\\framework\\src\\Illuminate\\Database\\Schema\\Blueprint.php(88): Illuminate\\Database\\Connection->statement('create table `u...')
#3 C:\\Users\\swb\\Documents\\Projects\\php\\laravel\\app2\\vendor\\laravel\\framework\\src\\Illuminate\\Database\\Schema\\Builder.php(252): Illuminate\\Database\\Schema\\Blueprint->build(Object(Illuminate\\Database\\MySqlConnection), Object(Illuminate\\Database\\Schema\\Grammars\\MySqlGrammar))
#4 C:\\Users\\swb\\Documents\\Projects\\php\\laravel\\app2\\vendor\\laravel\\framework\\src\\Illuminate\\Database\\Schema\\Builder.php(165): Illuminate\\Database\\Schema\\Builder->build(Object(Illuminate\\Database\\Schema\\Blueprint))
#5 C:\\Users\\swb\\Documents\\Projects\\php\\laravel\\app2\\vendor\\laravel\\framework\\src\\Illuminate\\Support\\Facades\\Facade.php(221): Illuminate\\Database\\Schema\\Builder->create('users', Object(Closure))
#6 C:\\Users\\swb\\Documents\\Projects\\php\\laravel\\app2\\database\\migrations\\2014_10_12_000000_create_users_table.php(23): Illuminate\\Support\\Facades\\Facade::__callStatic('create', Array)
#7 C:\\Users\\swb\\Documents\\Projects\\php\\laravel\\app2\\vendor\\laravel\\framework\\src\\Illuminate\\Database\\Migrations\\Migrator.php(359): CreateUsersTable->up()
#8 C:\\Users\\swb\\Documents\\Projects\\php\\laravel\\app2\\vendor\\laravel\\framework\\src\\Illuminate\\Database\\Migrations\\Migrator.php(366): Illuminate\\Database\\Migrations\\Migrator->Illuminate\\Database\\Migrations\\{closure}()
#9 C:\\Users\\swb\\Documents\\Projects\\php\\laravel\\app2\\vendor\\laravel\\framework\\src\\Illuminate\\Database\\Migrations\\Migrator.php(177): Illuminate\\Database\\Migrations\\Migrator->runMigration(Object(CreateUsersTable), 'up')
#10 C:\\Users\\swb\\Documents\\Projects\\php\\laravel\\app2\\vendor\\laravel\\framework\\src\\Illuminate\\Database\\Migrations\\Migrator.php(146): Illuminate\\Database\\Migrations\\Migrator->runUp('C:\\\\Users\\\\swb\\\\Do...', 1, false)
#11 C:\\Users\\swb\\Documents\\Projects\\php\\laravel\\app2\\vendor\\laravel\\framework\\src\\Illuminate\\Database\\Migrations\\Migrator.php(95): Illuminate\\Database\\Migrations\\Migrator->runPending(Array, Array)
#12 C:\\Users\\swb\\Documents\\Projects\\php\\laravel\\app2\\vendor\\laravel\\framework\\src\\Illuminate\\Database\\Console\\Migrations\\MigrateCommand.php(70): Illuminate\\Database\\Migrations\\Migrator->run(Array, Array)
#13 [internal function]: Illuminate\\Database\\Console\\Migrations\\MigrateCommand->handle()
#14 C:\\Users\\swb\\Documents\\Projects\\php\\laravel\\app2\\vendor\\laravel\\framework\\src\\Illuminate\\Container\\BoundMethod.php(29): call_user_func_array(Array, Array)
#15 C:\\Users\\swb\\Documents\\Projects\\php\\laravel\\app2\\vendor\\laravel\\framework\\src\\Illuminate\\Container\\BoundMethod.php(87): Illuminate\\Container\\BoundMethod::Illuminate\\Container\\{closure}()
#16 C:\\Users\\swb\\Documents\\Projects\\php\\laravel\\app2\\vendor\\laravel\\framework\\src\\Illuminate\\Container\\BoundMethod.php(31): Illuminate\\Container\\BoundMethod::callBoundMethod(Object(Illuminate\\Foundation\\Application), Array, Object(Closure))
#17 C:\\Users\\swb\\Documents\\Projects\\php\\laravel\\app2\\vendor\\laravel\\framework\\src\\Illuminate\\Container\\Container.php(564): Illuminate\\Container\\BoundMethod::call(Object(Illuminate\\Foundation\\Application), Array, Array, NULL)
#18 C:\\Users\\swb\\Documents\\Projects\\php\\laravel\\app2\\vendor\\laravel\\framework\\src\\Illuminate\\Console\\Command.php(183): Illuminate\\Container\\Container->call(Array)
#19 C:\\Users\\swb\\Documents\\Projects\\php\\laravel\\app2\\vendor\\symfony\\console\\Command\\Command.php(252): Illuminate\\Console\\Command->execute(Object(Symfony\\Component\\Console\\Input\\ArgvInput), Object(Illuminate\\Console\\OutputStyle))
#20 C:\\Users\\swb\\Documents\\Projects\\php\\laravel\\app2\\vendor\\laravel\\framework\\src\\Illuminate\\Console\\Command.php(170): Symfony\\Component\\Console\\Command\\Command->run(Object(Symfony\\Component\\Console\\Input\\ArgvInput), Object(Illuminate\\Console\\OutputStyle))
#21 C:\\Users\\swb\\Documents\\Projects\\php\\laravel\\app2\\vendor\\symfony\\console\\Application.php(865): Illuminate\\Console\\Command->run(Object(Symfony\\Component\\Console\\Input\\ArgvInput), Object(Symfony\\Component\\Console\\Output\\ConsoleOutput))
#22 C:\\Users\\swb\\Documents\\Projects\\php\\laravel\\app2\\vendor\\symfony\\console\\Application.php(241): Symfony\\Component\\Console\\Application->doRunCommand(Object(Illuminate\\Database\\Console\\Migrations\\MigrateCommand), Object(Symfony\\Component\\Console\\Input\\ArgvInput), Object(Symfony\\Component\\Console\\Output\\ConsoleOutput))
#23 C:\\Users\\swb\\Documents\\Projects\\php\\laravel\\app2\\vendor\\symfony\\console\\Application.php(143): Symfony\\Component\\Console\\Application->doRun(Object(Symfony\\Component\\Console\\Input\\ArgvInput), Object(Symfony\\Component\\Console\\Output\\ConsoleOutput))
#24 C:\\Users\\swb\\Documents\\Projects\\php\\laravel\\app2\\vendor\\laravel\\framework\\src\\Illuminate\\Console\\Application.php(88): Symfony\\Component\\Console\\Application->run(Object(Symfony\\Component\\Console\\Input\\ArgvInput), Object(Symfony\\Component\\Console\\Output\\ConsoleOutput))
#25 C:\\Users\\swb\\Documents\\Projects\\php\\laravel\\app2\\vendor\\laravel\\framework\\src\\Illuminate\\Foundation\\Console\\Kernel.php(121): Illuminate\\Console\\Application->run(Object(Symfony\\Component\\Console\\Input\\ArgvInput), Object(Symfony\\Component\\Console\\Output\\ConsoleOutput))
#26 C:\\Users\\swb\\Documents\\Projects\\php\\laravel\\app2\\artisan(37): Illuminate\\Foundation\\Console\\Kernel->handle(Object(Symfony\\Component\\Console\\Input\\ArgvInput), Object(Symfony\\Component\\Console\\Output\\ConsoleOutput))
#27 {main}
"} 
[2018-03-04 04:20:25] local.ERROR: SQLSTATE[42000]: Syntax error or access violation: 1071 Specified key was too long; max key length is 767 bytes (SQL: alter table `users` add unique `users_email_unique`(`email`)) {"exception":"[object] (Illuminate\\Database\\QueryException(code: 42000): SQLSTATE[42000]: Syntax error or access violation: 1071 Specified key was too long; max key length is 767 bytes (SQL: alter table `users` add unique `users_email_unique`(`email`)) at C:\\Users\\swb\\Documents\\Projects\\php\\laravel\\app2\\vendor\\laravel\\framework\\src\\Illuminate\\Database\\Connection.php:664, PDOException(code: 42000): SQLSTATE[42000]: Syntax error or access violation: 1071 Specified key was too long; max key length is 767 bytes at C:\\Users\\swb\\Documents\\Projects\\php\\laravel\\app2\\vendor\\laravel\\framework\\src\\Illuminate\\Database\\Connection.php:458)
[stacktrace]
#0 C:\\Users\\swb\\Documents\\Projects\\php\\laravel\\app2\\vendor\\laravel\\framework\\src\\Illuminate\\Database\\Connection.php(624): Illuminate\\Database\\Connection->runQueryCallback('alter table `us...', Array, Object(Closure))
#1 C:\\Users\\swb\\Documents\\Projects\\php\\laravel\\app2\\vendor\\laravel\\framework\\src\\Illuminate\\Database\\Connection.php(459): Illuminate\\Database\\Connection->run('alter table `us...', Array, Object(Closure))
#2 C:\\Users\\swb\\Documents\\Projects\\php\\laravel\\app2\\vendor\\laravel\\framework\\src\\Illuminate\\Database\\Schema\\Blueprint.php(88): Illuminate\\Database\\Connection->statement('alter table `us...')
#3 C:\\Users\\swb\\Documents\\Projects\\php\\laravel\\app2\\vendor\\laravel\\framework\\src\\Illuminate\\Database\\Schema\\Builder.php(252): Illuminate\\Database\\Schema\\Blueprint->build(Object(Illuminate\\Database\\MySqlConnection), Object(Illuminate\\Database\\Schema\\Grammars\\MySqlGrammar))
#4 C:\\Users\\swb\\Documents\\Projects\\php\\laravel\\app2\\vendor\\laravel\\framework\\src\\Illuminate\\Database\\Schema\\Builder.php(165): Illuminate\\Database\\Schema\\Builder->build(Object(Illuminate\\Database\\Schema\\Blueprint))
#5 C:\\Users\\swb\\Documents\\Projects\\php\\laravel\\app2\\vendor\\laravel\\framework\\src\\Illuminate\\Support\\Facades\\Facade.php(221): Illuminate\\Database\\Schema\\Builder->create('users', Object(Closure))
#6 C:\\Users\\swb\\Documents\\Projects\\php\\laravel\\app2\\database\\migrations\\2014_10_12_000000_create_users_table.php(23): Illuminate\\Support\\Facades\\Facade::__callStatic('create', Array)
#7 C:\\Users\\swb\\Documents\\Projects\\php\\laravel\\app2\\vendor\\laravel\\framework\\src\\Illuminate\\Database\\Migrations\\Migrator.php(359): CreateUsersTable->up()
#8 C:\\Users\\swb\\Documents\\Projects\\php\\laravel\\app2\\vendor\\laravel\\framework\\src\\Illuminate\\Database\\Migrations\\Migrator.php(366): Illuminate\\Database\\Migrations\\Migrator->Illuminate\\Database\\Migrations\\{closure}()
#9 C:\\Users\\swb\\Documents\\Projects\\php\\laravel\\app2\\vendor\\laravel\\framework\\src\\Illuminate\\Database\\Migrations\\Migrator.php(177): Illuminate\\Database\\Migrations\\Migrator->runMigration(Object(CreateUsersTable), 'up')
#10 C:\\Users\\swb\\Documents\\Projects\\php\\laravel\\app2\\vendor\\laravel\\framework\\src\\Illuminate\\Database\\Migrations\\Migrator.php(146): Illuminate\\Database\\Migrations\\Migrator->runUp('C:\\\\Users\\\\swb\\\\Do...', 1, false)
#11 C:\\Users\\swb\\Documents\\Projects\\php\\laravel\\app2\\vendor\\laravel\\framework\\src\\Illuminate\\Database\\Migrations\\Migrator.php(95): Illuminate\\Database\\Migrations\\Migrator->runPending(Array, Array)
#12 C:\\Users\\swb\\Documents\\Projects\\php\\laravel\\app2\\vendor\\laravel\\framework\\src\\Illuminate\\Database\\Console\\Migrations\\MigrateCommand.php(70): Illuminate\\Database\\Migrations\\Migrator->run(Array, Array)
#13 [internal function]: Illuminate\\Database\\Console\\Migrations\\MigrateCommand->handle()
#14 C:\\Users\\swb\\Documents\\Projects\\php\\laravel\\app2\\vendor\\laravel\\framework\\src\\Illuminate\\Container\\BoundMethod.php(29): call_user_func_array(Array, Array)
#15 C:\\Users\\swb\\Documents\\Projects\\php\\laravel\\app2\\vendor\\laravel\\framework\\src\\Illuminate\\Container\\BoundMethod.php(87): Illuminate\\Container\\BoundMethod::Illuminate\\Container\\{closure}()
#16 C:\\Users\\swb\\Documents\\Projects\\php\\laravel\\app2\\vendor\\laravel\\framework\\src\\Illuminate\\Container\\BoundMethod.php(31): Illuminate\\Container\\BoundMethod::callBoundMethod(Object(Illuminate\\Foundation\\Application), Array, Object(Closure))
#17 C:\\Users\\swb\\Documents\\Projects\\php\\laravel\\app2\\vendor\\laravel\\framework\\src\\Illuminate\\Container\\Container.php(564): Illuminate\\Container\\BoundMethod::call(Object(Illuminate\\Foundation\\Application), Array, Array, NULL)
#18 C:\\Users\\swb\\Documents\\Projects\\php\\laravel\\app2\\vendor\\laravel\\framework\\src\\Illuminate\\Console\\Command.php(183): Illuminate\\Container\\Container->call(Array)
#19 C:\\Users\\swb\\Documents\\Projects\\php\\laravel\\app2\\vendor\\symfony\\console\\Command\\Command.php(252): Illuminate\\Console\\Command->execute(Object(Symfony\\Component\\Console\\Input\\ArgvInput), Object(Illuminate\\Console\\OutputStyle))
#20 C:\\Users\\swb\\Documents\\Projects\\php\\laravel\\app2\\vendor\\laravel\\framework\\src\\Illuminate\\Console\\Command.php(170): Symfony\\Component\\Console\\Command\\Command->run(Object(Symfony\\Component\\Console\\Input\\ArgvInput), Object(Illuminate\\Console\\OutputStyle))
#21 C:\\Users\\swb\\Documents\\Projects\\php\\laravel\\app2\\vendor\\symfony\\console\\Application.php(865): Illuminate\\Console\\Command->run(Object(Symfony\\Component\\Console\\Input\\ArgvInput), Object(Symfony\\Component\\Console\\Output\\ConsoleOutput))
#22 C:\\Users\\swb\\Documents\\Projects\\php\\laravel\\app2\\vendor\\symfony\\console\\Application.php(241): Symfony\\Component\\Console\\Application->doRunCommand(Object(Illuminate\\Database\\Console\\Migrations\\MigrateCommand), Object(Symfony\\Component\\Console\\Input\\ArgvInput), Object(Symfony\\Component\\Console\\Output\\ConsoleOutput))
#23 C:\\Users\\swb\\Documents\\Projects\\php\\laravel\\app2\\vendor\\symfony\\console\\Application.php(143): Symfony\\Component\\Console\\Application->doRun(Object(Symfony\\Component\\Console\\Input\\ArgvInput), Object(Symfony\\Component\\Console\\Output\\ConsoleOutput))
#24 C:\\Users\\swb\\Documents\\Projects\\php\\laravel\\app2\\vendor\\laravel\\framework\\src\\Illuminate\\Console\\Application.php(88): Symfony\\Component\\Console\\Application->run(Object(Symfony\\Component\\Console\\Input\\ArgvInput), Object(Symfony\\Component\\Console\\Output\\ConsoleOutput))
#25 C:\\Users\\swb\\Documents\\Projects\\php\\laravel\\app2\\vendor\\laravel\\framework\\src\\Illuminate\\Foundation\\Console\\Kernel.php(121): Illuminate\\Console\\Application->run(Object(Symfony\\Component\\Console\\Input\\ArgvInput), Object(Symfony\\Component\\Console\\Output\\ConsoleOutput))
#26 C:\\Users\\swb\\Documents\\Projects\\php\\laravel\\app2\\artisan(37): Illuminate\\Foundation\\Console\\Kernel->handle(Object(Symfony\\Component\\Console\\Input\\ArgvInput), Object(Symfony\\Component\\Console\\Output\\ConsoleOutput))
#27 {main}
"} 
