[2018-05-19 02:03:17] local.ERROR: Class 'TeamTNT\Scout\TNTSearchScoutServiceProvider' not found {"exception":"[object] (Symfony\\Component\\Debug\\Exception\\FatalThrowableError(code: 0): Class 'TeamTNT\\Scout\\TNTSearchScoutServiceProvider' not found at C:\\Users\\swb\\Documents\\Projects\\php\\laravel\\app20\\vendor\\laravel\\framework\\src\\Illuminate\\Foundation\\ProviderRepository.php:208)
[stacktrace]
#0 C:\\Users\\swb\\Documents\\Projects\\php\\laravel\\app20\\vendor\\laravel\\framework\\src\\Illuminate\\Foundation\\ProviderRepository.php(144): Illuminate\\Foundation\\ProviderRepository->createProvider('TeamTNT\\\\Scout\\\\T...')
#1 C:\\Users\\swb\\Documents\\Projects\\php\\laravel\\app20\\vendor\\laravel\\framework\\src\\Illuminate\\Foundation\\ProviderRepository.php(61): Illuminate\\Foundation\\ProviderRepository->compileManifest(Array)
#2 C:\\Users\\swb\\Documents\\Projects\\php\\laravel\\app20\\vendor\\laravel\\framework\\src\\Illuminate\\Foundation\\Application.php(548): Illuminate\\Foundation\\ProviderRepository->load(Array)
#3 C:\\Users\\swb\\Documents\\Projects\\php\\laravel\\app20\\vendor\\laravel\\framework\\src\\Illuminate\\Foundation\\Bootstrap\\RegisterProviders.php(17): Illuminate\\Foundation\\Application->registerConfiguredProviders()
#4 C:\\Users\\swb\\Documents\\Projects\\php\\laravel\\app20\\vendor\\laravel\\framework\\src\\Illuminate\\Foundation\\Application.php(206): Illuminate\\Foundation\\Bootstrap\\RegisterProviders->bootstrap(Object(Illuminate\\Foundation\\Application))
#5 C:\\Users\\swb\\Documents\\Projects\\php\\laravel\\app20\\vendor\\laravel\\framework\\src\\Illuminate\\Foundation\\Console\\Kernel.php(297): Illuminate\\Foundation\\Application->bootstrapWith(Array)
#6 C:\\Users\\swb\\Documents\\Projects\\php\\laravel\\app20\\vendor\\laravel\\framework\\src\\Illuminate\\Foundation\\Console\\Kernel.php(120): Illuminate\\Foundation\\Console\\Kernel->bootstrap()
#7 C:\\Users\\swb\\Documents\\Projects\\php\\laravel\\app20\\artisan(37): Illuminate\\Foundation\\Console\\Kernel->handle(Object(Symfony\\Component\\Console\\Input\\ArgvInput), Object(Symfony\\Component\\Console\\Output\\ConsoleOutput))
#8 {main}
"} 
[2018-05-19 02:03:50] local.ERROR: Class 'TeamTNT\Scout\TNTSearchScoutServiceProvider' not found {"exception":"[object] (Symfony\\Component\\Debug\\Exception\\FatalThrowableError(code: 0): Class 'TeamTNT\\Scout\\TNTSearchScoutServiceProvider' not found at C:\\Users\\swb\\Documents\\Projects\\php\\laravel\\app20\\vendor\\laravel\\framework\\src\\Illuminate\\Foundation\\ProviderRepository.php:208)
[stacktrace]
#0 C:\\Users\\swb\\Documents\\Projects\\php\\laravel\\app20\\vendor\\laravel\\framework\\src\\Illuminate\\Foundation\\ProviderRepository.php(144): Illuminate\\Foundation\\ProviderRepository->createProvider('TeamTNT\\\\Scout\\\\T...')
#1 C:\\Users\\swb\\Documents\\Projects\\php\\laravel\\app20\\vendor\\laravel\\framework\\src\\Illuminate\\Foundation\\ProviderRepository.php(61): Illuminate\\Foundation\\ProviderRepository->compileManifest(Array)
#2 C:\\Users\\swb\\Documents\\Projects\\php\\laravel\\app20\\vendor\\laravel\\framework\\src\\Illuminate\\Foundation\\Application.php(548): Illuminate\\Foundation\\ProviderRepository->load(Array)
#3 C:\\Users\\swb\\Documents\\Projects\\php\\laravel\\app20\\vendor\\laravel\\framework\\src\\Illuminate\\Foundation\\Bootstrap\\RegisterProviders.php(17): Illuminate\\Foundation\\Application->registerConfiguredProviders()
#4 C:\\Users\\swb\\Documents\\Projects\\php\\laravel\\app20\\vendor\\laravel\\framework\\src\\Illuminate\\Foundation\\Application.php(206): Illuminate\\Foundation\\Bootstrap\\RegisterProviders->bootstrap(Object(Illuminate\\Foundation\\Application))
#5 C:\\Users\\swb\\Documents\\Projects\\php\\laravel\\app20\\vendor\\laravel\\framework\\src\\Illuminate\\Foundation\\Console\\Kernel.php(297): Illuminate\\Foundation\\Application->bootstrapWith(Array)
#6 C:\\Users\\swb\\Documents\\Projects\\php\\laravel\\app20\\vendor\\laravel\\framework\\src\\Illuminate\\Foundation\\Console\\Kernel.php(120): Illuminate\\Foundation\\Console\\Kernel->bootstrap()
#7 C:\\Users\\swb\\Documents\\Projects\\php\\laravel\\app20\\artisan(37): Illuminate\\Foundation\\Console\\Kernel->handle(Object(Symfony\\Component\\Console\\Input\\ArgvInput), Object(Symfony\\Component\\Console\\Output\\ConsoleOutput))
#8 {main}
"} 
[2018-05-19 02:24:40] local.ERROR: Use of undefined constant film - assumed 'film' {"exception":"[object] (ErrorException(code: 0): Use of undefined constant film - assumed 'film' at C:\\Users\\swb\\Documents\\Projects\\php\\laravel\\app20\\vendor\\laravel\\scout\\src\\Console\\ImportCommand.php:35)
[stacktrace]
#0 C:\\Users\\swb\\Documents\\Projects\\php\\laravel\\app20\\vendor\\laravel\\scout\\src\\Console\\ImportCommand.php(35): Illuminate\\Foundation\\Bootstrap\\HandleExceptions->handleError(8, 'Use of undefine...', 'C:\\\\Users\\\\swb\\\\Do...', 35, Array)
#1 [internal function]: Laravel\\Scout\\Console\\ImportCommand->handle(Object(Illuminate\\Events\\Dispatcher))
#2 C:\\Users\\swb\\Documents\\Projects\\php\\laravel\\app20\\vendor\\laravel\\framework\\src\\Illuminate\\Container\\BoundMethod.php(29): call_user_func_array(Array, Array)
#3 C:\\Users\\swb\\Documents\\Projects\\php\\laravel\\app20\\vendor\\laravel\\framework\\src\\Illuminate\\Container\\BoundMethod.php(87): Illuminate\\Container\\BoundMethod::Illuminate\\Container\\{closure}()
#4 C:\\Users\\swb\\Documents\\Projects\\php\\laravel\\app20\\vendor\\laravel\\framework\\src\\Illuminate\\Container\\BoundMethod.php(31): Illuminate\\Container\\BoundMethod::callBoundMethod(Object(Illuminate\\Foundation\\Application), Array, Object(Closure))
#5 C:\\Users\\swb\\Documents\\Projects\\php\\laravel\\app20\\vendor\\laravel\\framework\\src\\Illuminate\\Container\\Container.php(564): Illuminate\\Container\\BoundMethod::call(Object(Illuminate\\Foundation\\Application), Array, Array, NULL)
#6 C:\\Users\\swb\\Documents\\Projects\\php\\laravel\\app20\\vendor\\laravel\\framework\\src\\Illuminate\\Console\\Command.php(183): Illuminate\\Container\\Container->call(Array)
#7 C:\\Users\\swb\\Documents\\Projects\\php\\laravel\\app20\\vendor\\symfony\\console\\Command\\Command.php(252): Illuminate\\Console\\Command->execute(Object(Symfony\\Component\\Console\\Input\\ArgvInput), Object(Illuminate\\Console\\OutputStyle))
#8 C:\\Users\\swb\\Documents\\Projects\\php\\laravel\\app20\\vendor\\laravel\\framework\\src\\Illuminate\\Console\\Command.php(170): Symfony\\Component\\Console\\Command\\Command->run(Object(Symfony\\Component\\Console\\Input\\ArgvInput), Object(Illuminate\\Console\\OutputStyle))
#9 C:\\Users\\swb\\Documents\\Projects\\php\\laravel\\app20\\vendor\\symfony\\console\\Application.php(865): Illuminate\\Console\\Command->run(Object(Symfony\\Component\\Console\\Input\\ArgvInput), Object(Symfony\\Component\\Console\\Output\\ConsoleOutput))
#10 C:\\Users\\swb\\Documents\\Projects\\php\\laravel\\app20\\vendor\\symfony\\console\\Application.php(241): Symfony\\Component\\Console\\Application->doRunCommand(Object(Laravel\\Scout\\Console\\ImportCommand), Object(Symfony\\Component\\Console\\Input\\ArgvInput), Object(Symfony\\Component\\Console\\Output\\ConsoleOutput))
#11 C:\\Users\\swb\\Documents\\Projects\\php\\laravel\\app20\\vendor\\symfony\\console\\Application.php(143): Symfony\\Component\\Console\\Application->doRun(Object(Symfony\\Component\\Console\\Input\\ArgvInput), Object(Symfony\\Component\\Console\\Output\\ConsoleOutput))
#12 C:\\Users\\swb\\Documents\\Projects\\php\\laravel\\app20\\vendor\\laravel\\framework\\src\\Illuminate\\Console\\Application.php(89): Symfony\\Component\\Console\\Application->run(Object(Symfony\\Component\\Console\\Input\\ArgvInput), Object(Symfony\\Component\\Console\\Output\\ConsoleOutput))
#13 C:\\Users\\swb\\Documents\\Projects\\php\\laravel\\app20\\vendor\\laravel\\framework\\src\\Illuminate\\Foundation\\Console\\Kernel.php(122): Illuminate\\Console\\Application->run(Object(Symfony\\Component\\Console\\Input\\ArgvInput), Object(Symfony\\Component\\Console\\Output\\ConsoleOutput))
#14 C:\\Users\\swb\\Documents\\Projects\\php\\laravel\\app20\\artisan(37): Illuminate\\Foundation\\Console\\Kernel->handle(Object(Symfony\\Component\\Console\\Input\\ArgvInput), Object(Symfony\\Component\\Console\\Output\\ConsoleOutput))
#15 {main}
"} 
